Analysis & Synthesis report for MAC
Tue Jul 26 14:47:39 2022
Quartus Prime Version 18.0.0 Build 614 04/24/2018 SJ Lite Edition


---------------------
; Table of Contents ;
---------------------
  1. Legal Notice
  2. Analysis & Synthesis Summary
  3. Analysis & Synthesis Settings
  4. Parallel Compilation
  5. Analysis & Synthesis Source Files Read
  6. Analysis & Synthesis Resource Usage Summary
  7. Analysis & Synthesis Resource Utilization by Entity
  8. Analysis & Synthesis DSP Block Usage Summary
  9. Analysis & Synthesis IP Cores Summary
 10. General Register Statistics
 11. Parameter Settings for User Entity Instance: lpm_mult:lpm_mult_component
 12. lpm_mult Parameter Settings by Entity Instance
 13. Post-Synthesis Netlist Statistics for Top Partition
 14. Elapsed Time Per Partition
 15. Analysis & Synthesis Messages



----------------
; Legal Notice ;
----------------
Copyright (C) 2018  Intel Corporation. All rights reserved.
Your use of Intel Corporation's design tools, logic functions 
and other software and tools, and its AMPP partner logic 
functions, and any output files from any of the foregoing 
(including device programming or simulation files), and any 
associated documentation or information are expressly subject 
to the terms and conditions of the Intel Program License 
Subscription Agreement, the Intel Quartus Prime License Agreement,
the Intel FPGA IP License Agreement, or other applicable license
agreement, including, without limitation, that your use is for
the sole purpose of programming logic devices manufactured by
Intel and sold by Intel or its authorized distributors.  Please
refer to the applicable agreement for further details.



+-------------------------------------------------------------------------------+
; Analysis & Synthesis Summary                                                  ;
+---------------------------------+---------------------------------------------+
; Analysis & Synthesis Status     ; Successful - Tue Jul 26 14:47:39 2022       ;
; Quartus Prime Version           ; 18.0.0 Build 614 04/24/2018 SJ Lite Edition ;
; Revision Name                   ; MAC                                         ;
; Top-level Entity Name           ; Mul                                         ;
; Family                          ; Cyclone V                                   ;
; Logic utilization (in ALMs)     ; N/A                                         ;
; Total registers                 ; 80                                          ;
; Total pins                      ; 34                                          ;
; Total virtual pins              ; 0                                           ;
; Total block memory bits         ; 0                                           ;
; Total DSP Blocks                ; 1                                           ;
; Total HSSI RX PCSs              ; 0                                           ;
; Total HSSI PMA RX Deserializers ; 0                                           ;
; Total HSSI TX PCSs              ; 0                                           ;
; Total HSSI PMA TX Serializers   ; 0                                           ;
; Total PLLs                      ; 0                                           ;
; Total DLLs                      ; 0                                           ;
+---------------------------------+---------------------------------------------+


+---------------------------------------------------------------------------------------------------------------------------+
; Analysis & Synthesis Settings                                                                                             ;
+---------------------------------------------------------------------------------+--------------------+--------------------+
; Option                                                                          ; Setting            ; Default Value      ;
+---------------------------------------------------------------------------------+--------------------+--------------------+
; Device                                                                          ; 5CGTFD9E5F35C7     ;                    ;
; Top-level entity name                                                           ; Mul                ; MAC                ;
; Family name                                                                     ; Cyclone V          ; Cyclone V          ;
; Use smart compilation                                                           ; Off                ; Off                ;
; Enable parallel Assembler and Timing Analyzer during compilation                ; On                 ; On                 ;
; Enable compact report table                                                     ; Off                ; Off                ;
; Restructure Multiplexers                                                        ; Auto               ; Auto               ;
; MLAB Add Timing Constraints For Mixed-Port Feed-Through Mode Setting Don't Care ; Off                ; Off                ;
; Create Debugging Nodes for IP Cores                                             ; Off                ; Off                ;
; Preserve fewer node names                                                       ; On                 ; On                 ;
; Intel FPGA IP Evaluation Mode                                                   ; Enable             ; Enable             ;
; Verilog Version                                                                 ; Verilog_2001       ; Verilog_2001       ;
; VHDL Version                                                                    ; VHDL_1993          ; VHDL_1993          ;
; State Machine Processing                                                        ; Auto               ; Auto               ;
; Safe State Machine                                                              ; Off                ; Off                ;
; Extract Verilog State Machines                                                  ; On                 ; On                 ;
; Extract VHDL State Machines                                                     ; On                 ; On                 ;
; Ignore Verilog initial constructs                                               ; Off                ; Off                ;
; Iteration limit for constant Verilog loops                                      ; 5000               ; 5000               ;
; Iteration limit for non-constant Verilog loops                                  ; 250                ; 250                ;
; Add Pass-Through Logic to Inferred RAMs                                         ; On                 ; On                 ;
; Infer RAMs from Raw Logic                                                       ; On                 ; On                 ;
; Parallel Synthesis                                                              ; On                 ; On                 ;
; DSP Block Balancing                                                             ; Auto               ; Auto               ;
; NOT Gate Push-Back                                                              ; On                 ; On                 ;
; Power-Up Don't Care                                                             ; On                 ; On                 ;
; Remove Redundant Logic Cells                                                    ; Off                ; Off                ;
; Remove Duplicate Registers                                                      ; On                 ; On                 ;
; Ignore CARRY Buffers                                                            ; Off                ; Off                ;
; Ignore CASCADE Buffers                                                          ; Off                ; Off                ;
; Ignore GLOBAL Buffers                                                           ; Off                ; Off                ;
; Ignore ROW GLOBAL Buffers                                                       ; Off                ; Off                ;
; Ignore LCELL Buffers                                                            ; Off                ; Off                ;
; Ignore SOFT Buffers                                                             ; On                 ; On                 ;
; Limit AHDL Integers to 32 Bits                                                  ; Off                ; Off                ;
; Optimization Technique                                                          ; Balanced           ; Balanced           ;
; Carry Chain Length                                                              ; 70                 ; 70                 ;
; Auto Carry Chains                                                               ; On                 ; On                 ;
; Auto Open-Drain Pins                                                            ; On                 ; On                 ;
; Perform WYSIWYG Primitive Resynthesis                                           ; Off                ; Off                ;
; Auto ROM Replacement                                                            ; On                 ; On                 ;
; Auto RAM Replacement                                                            ; On                 ; On                 ;
; Auto DSP Block Replacement                                                      ; On                 ; On                 ;
; Auto Shift Register Replacement                                                 ; Auto               ; Auto               ;
; Allow Shift Register Merging across Hierarchies                                 ; Auto               ; Auto               ;
; Auto Clock Enable Replacement                                                   ; On                 ; On                 ;
; Strict RAM Replacement                                                          ; Off                ; Off                ;
; Allow Synchronous Control Signals                                               ; On                 ; On                 ;
; Force Use of Synchronous Clear Signals                                          ; Off                ; Off                ;
; Auto Resource Sharing                                                           ; Off                ; Off                ;
; Allow Any RAM Size For Recognition                                              ; Off                ; Off                ;
; Allow Any ROM Size For Recognition                                              ; Off                ; Off                ;
; Allow Any Shift Register Size For Recognition                                   ; Off                ; Off                ;
; Use LogicLock Constraints during Resource Balancing                             ; On                 ; On                 ;
; Ignore translate_off and synthesis_off directives                               ; Off                ; Off                ;
; Timing-Driven Synthesis                                                         ; On                 ; On                 ;
; Report Parameter Settings                                                       ; On                 ; On                 ;
; Report Source Assignments                                                       ; On                 ; On                 ;
; Report Connectivity Checks                                                      ; On                 ; On                 ;
; Ignore Maximum Fan-Out Assignments                                              ; Off                ; Off                ;
; Synchronization Register Chain Length                                           ; 3                  ; 3                  ;
; Power Optimization During Synthesis                                             ; Normal compilation ; Normal compilation ;
; HDL message level                                                               ; Level2             ; Level2             ;
; Suppress Register Optimization Related Messages                                 ; Off                ; Off                ;
; Number of Removed Registers Reported in Synthesis Report                        ; 5000               ; 5000               ;
; Number of Swept Nodes Reported in Synthesis Report                              ; 5000               ; 5000               ;
; Number of Inverted Registers Reported in Synthesis Report                       ; 100                ; 100                ;
; Clock MUX Protection                                                            ; On                 ; On                 ;
; Auto Gated Clock Conversion                                                     ; Off                ; Off                ;
; Block Design Naming                                                             ; Auto               ; Auto               ;
; SDC constraint protection                                                       ; Off                ; Off                ;
; Synthesis Effort                                                                ; Auto               ; Auto               ;
; Shift Register Replacement - Allow Asynchronous Clear Signal                    ; On                 ; On                 ;
; Pre-Mapping Resynthesis Optimization                                            ; Off                ; Off                ;
; Analysis & Synthesis Message Level                                              ; Medium             ; Medium             ;
; Disable Register Merging Across Hierarchies                                     ; Auto               ; Auto               ;
; Resource Aware Inference For Block RAM                                          ; On                 ; On                 ;
; Automatic Parallel Synthesis                                                    ; On                 ; On                 ;
; Partial Reconfiguration Bitstream ID                                            ; Off                ; Off                ;
+---------------------------------------------------------------------------------+--------------------+--------------------+


+------------------------------------------+
; Parallel Compilation                     ;
+----------------------------+-------------+
; Processors                 ; Number      ;
+----------------------------+-------------+
; Number detected on machine ; 12          ;
; Maximum allowed            ; 6           ;
;                            ;             ;
; Average used               ; 1.00        ;
; Maximum used               ; 6           ;
;                            ;             ;
; Usage by Processor         ; % Time Used ;
;     Processor 1            ; 100.0%      ;
;     Processor 2            ;   0.0%      ;
;     Processors 3-6         ;   0.0%      ;
+----------------------------+-------------+


+----------------------------------------------------------------------------------------------------------------------------------------------------------------------+
; Analysis & Synthesis Source Files Read                                                                                                                               ;
+----------------------------------+-----------------+------------------------------+------------------------------------------------------------------------+---------+
; File Name with User-Entered Path ; Used in Netlist ; File Type                    ; File Name with Absolute Path                                           ; Library ;
+----------------------------------+-----------------+------------------------------+------------------------------------------------------------------------+---------+
; Mul.v                            ; yes             ; User Wizard-Generated File   ; C:/intelFPGA_lite/18.0/MAC/Mul.v                                       ;         ;
; lpm_mult.tdf                     ; yes             ; Megafunction                 ; c:/intelfpga_lite/18.0/quartus/libraries/megafunctions/lpm_mult.tdf    ;         ;
; aglobal180.inc                   ; yes             ; Megafunction                 ; c:/intelfpga_lite/18.0/quartus/libraries/megafunctions/aglobal180.inc  ;         ;
; lpm_add_sub.inc                  ; yes             ; Megafunction                 ; c:/intelfpga_lite/18.0/quartus/libraries/megafunctions/lpm_add_sub.inc ;         ;
; multcore.inc                     ; yes             ; Megafunction                 ; c:/intelfpga_lite/18.0/quartus/libraries/megafunctions/multcore.inc    ;         ;
; bypassff.inc                     ; yes             ; Megafunction                 ; c:/intelfpga_lite/18.0/quartus/libraries/megafunctions/bypassff.inc    ;         ;
; altshift.inc                     ; yes             ; Megafunction                 ; c:/intelfpga_lite/18.0/quartus/libraries/megafunctions/altshift.inc    ;         ;
; db/mult_o4t.v                    ; yes             ; Auto-Generated Megafunction  ; C:/intelFPGA_lite/18.0/MAC/db/mult_o4t.v                               ;         ;
+----------------------------------+-----------------+------------------------------+------------------------------------------------------------------------+---------+


+-----------------------------------------------------------+
; Analysis & Synthesis Resource Usage Summary               ;
+---------------------------------------------+-------------+
; Resource                                    ; Usage       ;
+---------------------------------------------+-------------+
; Estimate of Logic utilization (ALMs needed) ; 40          ;
;                                             ;             ;
; Combinational ALUT usage for logic          ; 0           ;
;     -- 7 input functions                    ; 0           ;
;     -- 6 input functions                    ; 0           ;
;     -- 5 input functions                    ; 0           ;
;     -- 4 input functions                    ; 0           ;
;     -- <=3 input functions                  ; 0           ;
;                                             ;             ;
; Dedicated logic registers                   ; 80          ;
;                                             ;             ;
; I/O pins                                    ; 34          ;
;                                             ;             ;
; Total DSP Blocks                            ; 1           ;
;                                             ;             ;
; Maximum fan-out node                        ; clock~input ;
; Maximum fan-out                             ; 80          ;
; Total fan-out                               ; 306         ;
; Average fan-out                             ; 2.05        ;
+---------------------------------------------+-------------+


+-----------------------------------------------------------------------------------------------------------------------------------------------------------------------------------------------------------------------------------+
; Analysis & Synthesis Resource Utilization by Entity                                                                                                                                                                               ;
+----------------------------------+---------------------+---------------------------+-------------------+------------+------+--------------+----------------------------------------------------------+-------------+--------------+
; Compilation Hierarchy Node       ; Combinational ALUTs ; Dedicated Logic Registers ; Block Memory Bits ; DSP Blocks ; Pins ; Virtual Pins ; Full Hierarchy Name                                      ; Entity Name ; Library Name ;
+----------------------------------+---------------------+---------------------------+-------------------+------------+------+--------------+----------------------------------------------------------+-------------+--------------+
; |Mul                             ; 0 (0)               ; 80 (0)                    ; 0                 ; 1          ; 34   ; 0            ; |Mul                                                     ; Mul         ; work         ;
;    |lpm_mult:lpm_mult_component| ; 0 (0)               ; 80 (0)                    ; 0                 ; 1          ; 0    ; 0            ; |Mul|lpm_mult:lpm_mult_component                         ; lpm_mult    ; work         ;
;       |mult_o4t:auto_generated|  ; 0 (0)               ; 80 (80)                   ; 0                 ; 1          ; 0    ; 0            ; |Mul|lpm_mult:lpm_mult_component|mult_o4t:auto_generated ; mult_o4t    ; work         ;
+----------------------------------+---------------------+---------------------------+-------------------+------------+------+--------------+----------------------------------------------------------+-------------+--------------+
Note: For table entries with two numbers listed, the numbers in parentheses indicate the number of resources of the given type used by the specific entity alone. The numbers listed outside of parentheses indicate the total resources of the given type used by the specific entity and all of its sub-entities in the hierarchy.


+-----------------------------------------------+
; Analysis & Synthesis DSP Block Usage Summary  ;
+---------------------------------+-------------+
; Statistic                       ; Number Used ;
+---------------------------------+-------------+
; Independent 9x9                 ; 1           ;
; Total number of DSP blocks      ; 1           ;
;                                 ;             ;
; Fixed Point Unsigned Multiplier ; 1           ;
+---------------------------------+-------------+


+---------------------------------------------------------------------------------------------------+
; Analysis & Synthesis IP Cores Summary                                                             ;
+--------+--------------+---------+--------------+--------------+-----------------+-----------------+
; Vendor ; IP Core Name ; Version ; Release Date ; License Type ; Entity Instance ; IP Include File ;
+--------+--------------+---------+--------------+--------------+-----------------+-----------------+
; Altera ; LPM_MULT     ; 18.0    ; N/A          ; N/A          ; |Mul            ; Mul.v           ;
+--------+--------------+---------+--------------+--------------+-----------------+-----------------+


+------------------------------------------------------+
; General Register Statistics                          ;
+----------------------------------------------+-------+
; Statistic                                    ; Value ;
+----------------------------------------------+-------+
; Total registers                              ; 80    ;
; Number of registers using Synchronous Clear  ; 0     ;
; Number of registers using Synchronous Load   ; 0     ;
; Number of registers using Asynchronous Clear ; 80    ;
; Number of registers using Asynchronous Load  ; 0     ;
; Number of registers using Clock Enable       ; 0     ;
; Number of registers using Preset             ; 0     ;
+----------------------------------------------+-------+


+----------------------------------------------------------------------------------+
; Parameter Settings for User Entity Instance: lpm_mult:lpm_mult_component         ;
+------------------------------------------------+-----------+---------------------+
; Parameter Name                                 ; Value     ; Type                ;
+------------------------------------------------+-----------+---------------------+
; AUTO_CARRY_CHAINS                              ; ON        ; AUTO_CARRY          ;
; IGNORE_CARRY_BUFFERS                           ; OFF       ; IGNORE_CARRY        ;
; AUTO_CASCADE_CHAINS                            ; ON        ; AUTO_CASCADE        ;
; IGNORE_CASCADE_BUFFERS                         ; OFF       ; IGNORE_CASCADE      ;
; LPM_WIDTHA                                     ; 8         ; Signed Integer      ;
; LPM_WIDTHB                                     ; 8         ; Signed Integer      ;
; LPM_WIDTHP                                     ; 16        ; Signed Integer      ;
; LPM_WIDTHR                                     ; 0         ; Untyped             ;
; LPM_WIDTHS                                     ; 1         ; Untyped             ;
; LPM_REPRESENTATION                             ; UNSIGNED  ; Untyped             ;
; LPM_PIPELINE                                   ; 5         ; Signed Integer      ;
; LATENCY                                        ; 0         ; Untyped             ;
; INPUT_A_IS_CONSTANT                            ; NO        ; Untyped             ;
; INPUT_B_IS_CONSTANT                            ; NO        ; Untyped             ;
; USE_EAB                                        ; OFF       ; Untyped             ;
; MAXIMIZE_SPEED                                 ; 5         ; Untyped             ;
; DEVICE_FAMILY                                  ; Cyclone V ; Untyped             ;
; CARRY_CHAIN                                    ; MANUAL    ; Untyped             ;
; APEX20K_TECHNOLOGY_MAPPER                      ; LUT       ; TECH_MAPPER_APEX20K ;
; DEDICATED_MULTIPLIER_CIRCUITRY                 ; YES       ; Untyped             ;
; DEDICATED_MULTIPLIER_MIN_INPUT_WIDTH_FOR_AUTO  ; 0         ; Untyped             ;
; DEDICATED_MULTIPLIER_MIN_OUTPUT_WIDTH_FOR_AUTO ; 0         ; Untyped             ;
; CBXI_PARAMETER                                 ; mult_o4t  ; Untyped             ;
; INPUT_A_FIXED_VALUE                            ; Bx        ; Untyped             ;
; INPUT_B_FIXED_VALUE                            ; Bx        ; Untyped             ;
; USE_AHDL_IMPLEMENTATION                        ; OFF       ; Untyped             ;
+------------------------------------------------+-----------+---------------------+
Note: In order to hide this table in the UI and the text report file, please set the "Show Parameter Settings in Synthesis Report" option in "Analysis and Synthesis Settings -> More Settings" to "Off".


+---------------------------------------------------------------------+
; lpm_mult Parameter Settings by Entity Instance                      ;
+---------------------------------------+-----------------------------+
; Name                                  ; Value                       ;
+---------------------------------------+-----------------------------+
; Number of entity instances            ; 1                           ;
; Entity Instance                       ; lpm_mult:lpm_mult_component ;
;     -- LPM_WIDTHA                     ; 8                           ;
;     -- LPM_WIDTHB                     ; 8                           ;
;     -- LPM_WIDTHP                     ; 16                          ;
;     -- LPM_REPRESENTATION             ; UNSIGNED                    ;
;     -- INPUT_A_IS_CONSTANT            ; NO                          ;
;     -- INPUT_B_IS_CONSTANT            ; NO                          ;
;     -- USE_EAB                        ; OFF                         ;
;     -- DEDICATED_MULTIPLIER_CIRCUITRY ; YES                         ;
;     -- INPUT_A_FIXED_VALUE            ; Bx                          ;
;     -- INPUT_B_FIXED_VALUE            ; Bx                          ;
+---------------------------------------+-----------------------------+


+-----------------------------------------------------+
; Post-Synthesis Netlist Statistics for Top Partition ;
+-------------------+---------------------------------+
; Type              ; Count                           ;
+-------------------+---------------------------------+
; arriav_ff         ; 80                              ;
;     CLR           ; 80                              ;
; arriav_mac        ; 1                               ;
; boundary_port     ; 34                              ;
;                   ;                                 ;
; Max LUT depth     ; 0.00                            ;
; Average LUT depth ; 0.00                            ;
+-------------------+---------------------------------+


+-------------------------------+
; Elapsed Time Per Partition    ;
+----------------+--------------+
; Partition Name ; Elapsed Time ;
+----------------+--------------+
; Top            ; 00:00:00     ;
+----------------+--------------+


+-------------------------------+
; Analysis & Synthesis Messages ;
+-------------------------------+
Info: *******************************************************************
Info: Running Quartus Prime Analysis & Synthesis
    Info: Version 18.0.0 Build 614 04/24/2018 SJ Lite Edition
    Info: Processing started: Tue Jul 26 14:47:30 2022
Info: Command: quartus_map --read_settings_files=on --write_settings_files=off MAC -c MAC
Warning (18236): Number of processors has not been specified which may cause overloading on shared machines.  Set the global assignment NUM_PARALLEL_PROCESSORS in your QSF to an appropriate value for best performance.
Info (20030): Parallel compilation is enabled and will use 6 of the 6 processors detected
Info (12021): Found 1 design units, including 1 entities, in source file round.v
    Info (12023): Found entity 1: Round File: C:/intelFPGA_lite/18.0/MAC/Round.v Line: 1
Info (12021): Found 1 design units, including 1 entities, in source file ready.v
    Info (12023): Found entity 1: Ready File: C:/intelFPGA_lite/18.0/MAC/Ready.v Line: 1
Info (12021): Found 1 design units, including 1 entities, in source file pointer.v
    Info (12023): Found entity 1: Pointer File: C:/intelFPGA_lite/18.0/MAC/Pointer.v Line: 1
Info (12021): Found 1 design units, including 1 entities, in source file pe.v
    Info (12023): Found entity 1: PE File: C:/intelFPGA_lite/18.0/MAC/PE.v Line: 2
Info (12021): Found 1 design units, including 1 entities, in source file mac.v
    Info (12023): Found entity 1: MAC File: C:/intelFPGA_lite/18.0/MAC/MAC.v Line: 1
Info (12021): Found 1 design units, including 1 entities, in source file buffer.v
    Info (12023): Found entity 1: Buffer File: C:/intelFPGA_lite/18.0/MAC/Buffer.v Line: 1
Info (12021): Found 1 design units, including 1 entities, in source file pe_tb.v
    Info (12023): Found entity 1: PE_tb File: C:/intelFPGA_lite/18.0/MAC/PE_tb.v Line: 2
Info (12021): Found 1 design units, including 1 entities, in source file add.v
    Info (12023): Found entity 1: Add File: C:/intelFPGA_lite/18.0/MAC/Add.v Line: 2
Info (12021): Found 1 design units, including 1 entities, in source file noppipeline.v
    Info (12023): Found entity 1: NOPPipeline File: C:/intelFPGA_lite/18.0/MAC/NOPPipeline.v Line: 2
Info (12021): Found 1 design units, including 1 entities, in source file multiply_tb.v
    Info (12023): Found entity 1: multiply_tb File: C:/intelFPGA_lite/18.0/MAC/multiply_tb.v Line: 2
Info (12021): Found 1 design units, including 1 entities, in source file mac_pipeline.v
    Info (12023): Found entity 1: MAC_Pipeline File: C:/intelFPGA_lite/18.0/MAC/MAC_Pipeline.v Line: 1
Info (12021): Found 1 design units, including 1 entities, in source file mul.v
    Info (12023): Found entity 1: Mul File: C:/intelFPGA_lite/18.0/MAC/Mul.v Line: 38
Info (12021): Found 1 design units, including 1 entities, in source file outputdatapipeline.v
    Info (12023): Found entity 1: OutputDataPipeline File: C:/intelFPGA_lite/18.0/MAC/OutputDataPipeline.v Line: 1
Info (12021): Found 1 design units, including 1 entities, in source file mac_tb.v
    Info (12023): Found entity 1: MAC_tb File: C:/intelFPGA_lite/18.0/MAC/MAC_tb.v Line: 2
Info (12021): Found 1 design units, including 1 entities, in source file noppipeline_tb.v
    Info (12023): Found entity 1: NOPPipeline_tb File: C:/intelFPGA_lite/18.0/MAC/NOPPipeline_tb.v Line: 2
Info (12021): Found 1 design units, including 1 entities, in source file add_tb.v
    Info (12023): Found entity 1: Add_tb File: C:/intelFPGA_lite/18.0/MAC/Add_tb.v Line: 2
Warning (10236): Verilog HDL Implicit Net warning at PE.v(89): created implicit net for "O_Rec_Handshanking" File: C:/intelFPGA_lite/18.0/MAC/PE.v Line: 89
Info (12127): Elaborating entity "Mul" for the top level hierarchy
Info (12128): Elaborating entity "lpm_mult" for hierarchy "lpm_mult:lpm_mult_component" File: C:/intelFPGA_lite/18.0/MAC/Mul.v Line: 61
Info (12130): Elaborated megafunction instantiation "lpm_mult:lpm_mult_component" File: C:/intelFPGA_lite/18.0/MAC/Mul.v Line: 61
Info (12133): Instantiated megafunction "lpm_mult:lpm_mult_component" with the following parameter: File: C:/intelFPGA_lite/18.0/MAC/Mul.v Line: 61
    Info (12134): Parameter "lpm_hint" = "DEDICATED_MULTIPLIER_CIRCUITRY=YES,MAXIMIZE_SPEED=5"
    Info (12134): Parameter "lpm_pipeline" = "5"
    Info (12134): Parameter "lpm_representation" = "UNSIGNED"
    Info (12134): Parameter "lpm_type" = "LPM_MULT"
    Info (12134): Parameter "lpm_widtha" = "8"
    Info (12134): Parameter "lpm_widthb" = "8"
    Info (12134): Parameter "lpm_widthp" = "16"
Info (12021): Found 1 design units, including 1 entities, in source file db/mult_o4t.v
    Info (12023): Found entity 1: mult_o4t File: C:/intelFPGA_lite/18.0/MAC/db/mult_o4t.v Line: 28
Info (12128): Elaborating entity "mult_o4t" for hierarchy "lpm_mult:lpm_mult_component|mult_o4t:auto_generated" File: c:/intelfpga_lite/18.0/quartus/libraries/megafunctions/lpm_mult.tdf Line: 376
Info (286030): Timing-Driven Synthesis is running
Info (16010): Generating hard_block partition "hard_block:auto_generated_inst"
    Info (16011): Adding 0 node(s), including 0 DDIO, 0 PLL, 0 transceiver and 0 LCELL
Info (21057): Implemented 115 device resources after synthesis - the final resource count might be different
    Info (21058): Implemented 18 input pins
    Info (21059): Implemented 16 output pins
    Info (21061): Implemented 80 logic cells
    Info (21062): Implemented 1 DSP elements
Info: Quartus Prime Analysis & Synthesis was successful. 0 errors, 2 warnings
    Info: Peak virtual memory: 4891 megabytes
    Info: Processing ended: Tue Jul 26 14:47:39 2022
    Info: Elapsed time: 00:00:09
    Info: Total CPU time (on all processors): 00:00:19


